<?xml version="1.0" encoding="UTF-8"?>
<testng-results skipped="0" failed="1" ignored="0" total="9" passed="8">
  <reporter-output>
  </reporter-output>
  <suite name="ZOHO CRM Application Test Automation Test Suite" duration-ms="202499" started-at="2018-03-28T07:45:51Z" finished-at="2018-03-28T07:49:14Z">
    <groups>
    </groups>
    <test name="ZOHO CRM App Test Cases" duration-ms="202499" started-at="2018-03-28T07:45:51Z" finished-at="2018-03-28T07:49:14Z">
      <class name="com.zoho.qa.testcases.HomePageTest">
        <test-method status="PASS" signature="setUp()[pri:0, instance:com.zoho.qa.testcases.HomePageTest@2f686d1f]" name="setUp" is-config="true" duration-ms="9065" started-at="2018-03-28T13:16:03Z" finished-at="2018-03-28T13:16:12Z">
          <reporter-output>
          </reporter-output>
        </test-method> <!-- setUp -->
        <test-method status="PASS" signature="verifyHomePageTitleTest()[pri:1, instance:com.zoho.qa.testcases.HomePageTest@2f686d1f]" name="verifyHomePageTitleTest" duration-ms="23436" started-at="2018-03-28T13:16:12Z" finished-at="2018-03-28T13:16:35Z">
          <reporter-output>
          </reporter-output>
        </test-method> <!-- verifyHomePageTitleTest -->
        <test-method status="PASS" signature="tearDown()[pri:0, instance:com.zoho.qa.testcases.HomePageTest@2f686d1f]" name="tearDown" is-config="true" duration-ms="2069" started-at="2018-03-28T13:16:35Z" finished-at="2018-03-28T13:16:37Z">
          <reporter-output>
          </reporter-output>
        </test-method> <!-- tearDown -->
        <test-method status="PASS" signature="setUp()[pri:0, instance:com.zoho.qa.testcases.HomePageTest@2f686d1f]" name="setUp" is-config="true" duration-ms="8019" started-at="2018-03-28T13:16:47Z" finished-at="2018-03-28T13:16:55Z">
          <reporter-output>
          </reporter-output>
        </test-method> <!-- setUp -->
        <test-method status="PASS" signature="verifyUserNameTest()[pri:2, instance:com.zoho.qa.testcases.HomePageTest@2f686d1f]" name="verifyUserNameTest" duration-ms="26780" started-at="2018-03-28T13:16:55Z" finished-at="2018-03-28T13:17:22Z">
          <reporter-output>
          </reporter-output>
        </test-method> <!-- verifyUserNameTest -->
        <test-method status="PASS" signature="tearDown()[pri:0, instance:com.zoho.qa.testcases.HomePageTest@2f686d1f]" name="tearDown" is-config="true" duration-ms="2070" started-at="2018-03-28T13:17:22Z" finished-at="2018-03-28T13:17:24Z">
          <reporter-output>
          </reporter-output>
        </test-method> <!-- tearDown -->
        <test-method status="PASS" signature="setUp()[pri:0, instance:com.zoho.qa.testcases.HomePageTest@2f686d1f]" name="setUp" is-config="true" duration-ms="7673" started-at="2018-03-28T13:17:47Z" finished-at="2018-03-28T13:17:54Z">
          <reporter-output>
          </reporter-output>
        </test-method> <!-- setUp -->
        <test-method status="PASS" signature="verifyLeadsLinkTest()[pri:3, instance:com.zoho.qa.testcases.HomePageTest@2f686d1f]" name="verifyLeadsLinkTest" duration-ms="20472" started-at="2018-03-28T13:17:54Z" finished-at="2018-03-28T13:18:15Z">
          <reporter-output>
          </reporter-output>
        </test-method> <!-- verifyLeadsLinkTest -->
        <test-method status="PASS" signature="tearDown()[pri:0, instance:com.zoho.qa.testcases.HomePageTest@2f686d1f]" name="tearDown" is-config="true" duration-ms="2068" started-at="2018-03-28T13:18:15Z" finished-at="2018-03-28T13:18:17Z">
          <reporter-output>
          </reporter-output>
        </test-method> <!-- tearDown -->
      </class> <!-- com.zoho.qa.testcases.HomePageTest -->
      <class name="com.zoho.qa.testcases.LoginPageTest">
        <test-method status="PASS" signature="setUp()[pri:0, instance:com.zoho.qa.testcases.LoginPageTest@4cf777e8]" name="setUp" is-config="true" duration-ms="11248" started-at="2018-03-28T13:15:51Z" finished-at="2018-03-28T13:16:03Z">
          <reporter-output>
          </reporter-output>
        </test-method> <!-- setUp -->
        <test-method status="PASS" signature="verifyTitlePageTest()[pri:1, instance:com.zoho.qa.testcases.LoginPageTest@4cf777e8]" name="verifyTitlePageTest" duration-ms="12" started-at="2018-03-28T13:16:03Z" finished-at="2018-03-28T13:16:03Z">
          <reporter-output>
          </reporter-output>
        </test-method> <!-- verifyTitlePageTest -->
        <test-method status="PASS" signature="tearDown()[pri:0, instance:com.zoho.qa.testcases.LoginPageTest@4cf777e8]" name="tearDown" is-config="true" duration-ms="71" started-at="2018-03-28T13:16:03Z" finished-at="2018-03-28T13:16:03Z">
          <reporter-output>
          </reporter-output>
        </test-method> <!-- tearDown -->
        <test-method status="PASS" signature="setUp()[pri:0, instance:com.zoho.qa.testcases.LoginPageTest@4cf777e8]" name="setUp" is-config="true" duration-ms="9853" started-at="2018-03-28T13:16:37Z" finished-at="2018-03-28T13:16:47Z">
          <reporter-output>
          </reporter-output>
        </test-method> <!-- setUp -->
        <test-method status="PASS" signature="validateLogoTest()[pri:2, instance:com.zoho.qa.testcases.LoginPageTest@4cf777e8]" name="validateLogoTest" duration-ms="44" started-at="2018-03-28T13:16:47Z" finished-at="2018-03-28T13:16:47Z">
          <reporter-output>
          </reporter-output>
        </test-method> <!-- validateLogoTest -->
        <test-method status="PASS" signature="tearDown()[pri:0, instance:com.zoho.qa.testcases.LoginPageTest@4cf777e8]" name="tearDown" is-config="true" duration-ms="72" started-at="2018-03-28T13:16:47Z" finished-at="2018-03-28T13:16:47Z">
          <reporter-output>
          </reporter-output>
        </test-method> <!-- tearDown -->
        <test-method status="PASS" signature="setUp()[pri:0, instance:com.zoho.qa.testcases.LoginPageTest@4cf777e8]" name="setUp" is-config="true" duration-ms="8245" started-at="2018-03-28T13:17:24Z" finished-at="2018-03-28T13:17:32Z">
          <reporter-output>
          </reporter-output>
        </test-method> <!-- setUp -->
        <test-method status="PASS" signature="verifySignUpLinkTest()[pri:3, instance:com.zoho.qa.testcases.LoginPageTest@4cf777e8]" name="verifySignUpLinkTest" duration-ms="14391" started-at="2018-03-28T13:17:32Z" finished-at="2018-03-28T13:17:47Z">
          <reporter-output>
          </reporter-output>
        </test-method> <!-- verifySignUpLinkTest -->
        <test-method status="PASS" signature="tearDown()[pri:0, instance:com.zoho.qa.testcases.LoginPageTest@4cf777e8]" name="tearDown" is-config="true" duration-ms="70" started-at="2018-03-28T13:17:47Z" finished-at="2018-03-28T13:17:47Z">
          <reporter-output>
          </reporter-output>
        </test-method> <!-- tearDown -->
        <test-method status="PASS" signature="setUp()[pri:0, instance:com.zoho.qa.testcases.LoginPageTest@4cf777e8]" name="setUp" is-config="true" duration-ms="9206" started-at="2018-03-28T13:18:17Z" finished-at="2018-03-28T13:18:26Z">
          <reporter-output>
          </reporter-output>
        </test-method> <!-- setUp -->
        <test-method status="FAIL" signature="verifyFgtPwdTest()[pri:4, instance:com.zoho.qa.testcases.LoginPageTest@4cf777e8]" name="verifyFgtPwdTest" duration-ms="32152" started-at="2018-03-28T13:18:26Z" finished-at="2018-03-28T13:18:58Z">
          <exception class="org.openqa.selenium.NoSuchElementException">
            <message>
              <![CDATA[no such element: Unable to locate element: {"method":"xpath","selector":"//div[@class='forgotpasslink ' and  text()='Forgot Password?']"}
  (Session info: chrome=63.0.3239.132)
  (Driver info: chromedriver=2.35.528139 (47ead77cb35ad2a9a83248b292151462a66cd881),platform=Linux 3.13.0-110-generic x86_64) (WARNING: The server did not provide any stacktrace information)
Command duration or timeout: 0 milliseconds
For documentation on this error, please visit: http://seleniumhq.org/exceptions/no_such_element.html
Build info: version: '3.5.3', revision: 'a88d25fe6b', time: '2017-08-29T12:42:44.417Z'
System info: host: 'Unknown', ip: 'Unknown', os.name: 'Linux', os.arch: 'amd64', os.version: '3.13.0-110-generic', java.version: '1.8.0_121'
Driver info: org.openqa.selenium.chrome.ChromeDriver
Capabilities [{mobileEmulationEnabled=false, hasTouchScreen=false, platform=LINUX, acceptSslCerts=false, acceptInsecureCerts=false, webStorageEnabled=true, browserName=chrome, takesScreenshot=true, javascriptEnabled=true, platformName=LINUX, setWindowRect=true, unexpectedAlertBehaviour=, applicationCacheEnabled=false, rotatable=false, networkConnectionEnabled=false, chrome={chromedriverVersion=2.35.528139 (47ead77cb35ad2a9a83248b292151462a66cd881), userDataDir=/tmp/.org.chromium.Chromium.lofCNv}, takesHeapSnapshot=true, pageLoadStrategy=normal, unhandledPromptBehavior=, databaseEnabled=false, handlesAlerts=true, version=63.0.3239.132, browserConnectionEnabled=false, nativeEvents=true, locationContextEnabled=true, cssSelectorsEnabled=true}]
Session ID: 0e4e376ebecfb6e8e8bd2c9667601912
*** Element info: {Using=xpath, value=//div[@class='forgotpasslink ' and  text()='Forgot Password?']}]]>
            </message>
            <full-stacktrace>
              <![CDATA[org.openqa.selenium.NoSuchElementException: no such element: Unable to locate element: {"method":"xpath","selector":"//div[@class='forgotpasslink ' and  text()='Forgot Password?']"}
  (Session info: chrome=63.0.3239.132)
  (Driver info: chromedriver=2.35.528139 (47ead77cb35ad2a9a83248b292151462a66cd881),platform=Linux 3.13.0-110-generic x86_64) (WARNING: The server did not provide any stacktrace information)
Command duration or timeout: 0 milliseconds
For documentation on this error, please visit: http://seleniumhq.org/exceptions/no_such_element.html
Build info: version: '3.5.3', revision: 'a88d25fe6b', time: '2017-08-29T12:42:44.417Z'
System info: host: 'Unknown', ip: 'Unknown', os.name: 'Linux', os.arch: 'amd64', os.version: '3.13.0-110-generic', java.version: '1.8.0_121'
Driver info: org.openqa.selenium.chrome.ChromeDriver
Capabilities [{mobileEmulationEnabled=false, hasTouchScreen=false, platform=LINUX, acceptSslCerts=false, acceptInsecureCerts=false, webStorageEnabled=true, browserName=chrome, takesScreenshot=true, javascriptEnabled=true, platformName=LINUX, setWindowRect=true, unexpectedAlertBehaviour=, applicationCacheEnabled=false, rotatable=false, networkConnectionEnabled=false, chrome={chromedriverVersion=2.35.528139 (47ead77cb35ad2a9a83248b292151462a66cd881), userDataDir=/tmp/.org.chromium.Chromium.lofCNv}, takesHeapSnapshot=true, pageLoadStrategy=normal, unhandledPromptBehavior=, databaseEnabled=false, handlesAlerts=true, version=63.0.3239.132, browserConnectionEnabled=false, nativeEvents=true, locationContextEnabled=true, cssSelectorsEnabled=true}]
Session ID: 0e4e376ebecfb6e8e8bd2c9667601912
*** Element info: {Using=xpath, value=//div[@class='forgotpasslink ' and  text()='Forgot Password?']}
	at sun.reflect.NativeConstructorAccessorImpl.newInstance0(Native Method)
	at sun.reflect.NativeConstructorAccessorImpl.newInstance(NativeConstructorAccessorImpl.java:62)
	at sun.reflect.DelegatingConstructorAccessorImpl.newInstance(DelegatingConstructorAccessorImpl.java:45)
	at java.lang.reflect.Constructor.newInstance(Constructor.java:423)
	at org.openqa.selenium.remote.ErrorHandler.createThrowable(ErrorHandler.java:215)
	at org.openqa.selenium.remote.ErrorHandler.throwIfResponseFailed(ErrorHandler.java:167)
	at org.openqa.selenium.remote.http.JsonHttpResponseCodec.reconstructValue(JsonHttpResponseCodec.java:40)
	at org.openqa.selenium.remote.http.AbstractHttpResponseCodec.decode(AbstractHttpResponseCodec.java:82)
	at org.openqa.selenium.remote.http.AbstractHttpResponseCodec.decode(AbstractHttpResponseCodec.java:45)
	at org.openqa.selenium.remote.HttpCommandExecutor.execute(HttpCommandExecutor.java:164)
	at org.openqa.selenium.remote.service.DriverCommandExecutor.execute(DriverCommandExecutor.java:82)
	at org.openqa.selenium.remote.RemoteWebDriver.execute(RemoteWebDriver.java:646)
	at org.openqa.selenium.remote.RemoteWebDriver.findElement(RemoteWebDriver.java:416)
	at org.openqa.selenium.remote.RemoteWebDriver.findElementByXPath(RemoteWebDriver.java:518)
	at org.openqa.selenium.By$ByXPath.findElement(By.java:361)
	at org.openqa.selenium.remote.RemoteWebDriver.findElement(RemoteWebDriver.java:408)
	at sun.reflect.GeneratedMethodAccessor3.invoke(Unknown Source)
	at sun.reflect.DelegatingMethodAccessorImpl.invoke(DelegatingMethodAccessorImpl.java:43)
	at java.lang.reflect.Method.invoke(Method.java:498)
	at org.openqa.selenium.support.events.EventFiringWebDriver$2.invoke(EventFiringWebDriver.java:105)
	at com.sun.proxy.$Proxy7.findElement(Unknown Source)
	at org.openqa.selenium.support.events.EventFiringWebDriver.findElement(EventFiringWebDriver.java:189)
	at org.openqa.selenium.support.pagefactory.DefaultElementLocator.findElement(DefaultElementLocator.java:69)
	at org.openqa.selenium.support.pagefactory.internal.LocatingElementHandler.invoke(LocatingElementHandler.java:38)
	at com.sun.proxy.$Proxy11.click(Unknown Source)
	at com.zoho.qa.pages.LoginPage.verifyFgtPwd(LoginPage.java:61)
	at com.zoho.qa.testcases.LoginPageTest.verifyFgtPwdTest(LoginPageTest.java:54)
	at sun.reflect.NativeMethodAccessorImpl.invoke0(Native Method)
	at sun.reflect.NativeMethodAccessorImpl.invoke(NativeMethodAccessorImpl.java:62)
	at sun.reflect.DelegatingMethodAccessorImpl.invoke(DelegatingMethodAccessorImpl.java:43)
	at java.lang.reflect.Method.invoke(Method.java:498)
	at org.testng.internal.MethodInvocationHelper.invokeMethod(MethodInvocationHelper.java:108)
	at org.testng.internal.Invoker.invokeMethod(Invoker.java:661)
	at org.testng.internal.Invoker.invokeTestMethod(Invoker.java:869)
	at org.testng.internal.Invoker.invokeTestMethods(Invoker.java:1193)
	at org.testng.internal.TestMethodWorker.invokeTestMethods(TestMethodWorker.java:126)
	at org.testng.internal.TestMethodWorker.run(TestMethodWorker.java:109)
	at org.testng.TestRunner.privateRun(TestRunner.java:744)
	at org.testng.TestRunner.run(TestRunner.java:602)
	at org.testng.SuiteRunner.runTest(SuiteRunner.java:380)
	at org.testng.SuiteRunner.runSequentially(SuiteRunner.java:375)
	at org.testng.SuiteRunner.privateRun(SuiteRunner.java:340)
	at org.testng.SuiteRunner.run(SuiteRunner.java:289)
	at org.testng.SuiteRunnerWorker.runSuite(SuiteRunnerWorker.java:52)
	at org.testng.SuiteRunnerWorker.run(SuiteRunnerWorker.java:86)
	at org.testng.TestNG.runSuitesSequentially(TestNG.java:1301)
	at org.testng.TestNG.runSuitesLocally(TestNG.java:1226)
	at org.testng.TestNG.runSuites(TestNG.java:1144)
	at org.testng.TestNG.run(TestNG.java:1115)
	at org.testng.remote.AbstractRemoteTestNG.run(AbstractRemoteTestNG.java:114)
	at org.testng.remote.RemoteTestNG.initAndRun(RemoteTestNG.java:251)
	at org.testng.remote.RemoteTestNG.main(RemoteTestNG.java:77)
]]>
            </full-stacktrace>
          </exception> <!-- org.openqa.selenium.NoSuchElementException -->
          <reporter-output>
          </reporter-output>
        </test-method> <!-- verifyFgtPwdTest -->
        <test-method status="PASS" signature="tearDown()[pri:0, instance:com.zoho.qa.testcases.LoginPageTest@4cf777e8]" name="tearDown" is-config="true" duration-ms="73" started-at="2018-03-28T13:18:58Z" finished-at="2018-03-28T13:18:58Z">
          <reporter-output>
          </reporter-output>
        </test-method> <!-- tearDown -->
        <test-method status="PASS" signature="setUp()[pri:0, instance:com.zoho.qa.testcases.LoginPageTest@4cf777e8]" name="setUp" is-config="true" duration-ms="7443" started-at="2018-03-28T13:18:58Z" finished-at="2018-03-28T13:19:06Z">
          <reporter-output>
          </reporter-output>
        </test-method> <!-- setUp -->
        <test-method status="PASS" signature="keepMeSignedInCheckBoxTest()[pri:5, instance:com.zoho.qa.testcases.LoginPageTest@4cf777e8]" name="keepMeSignedInCheckBoxTest" duration-ms="76" started-at="2018-03-28T13:19:06Z" finished-at="2018-03-28T13:19:06Z">
          <reporter-output>
          </reporter-output>
        </test-method> <!-- keepMeSignedInCheckBoxTest -->
        <test-method status="PASS" signature="tearDown()[pri:0, instance:com.zoho.qa.testcases.LoginPageTest@4cf777e8]" name="tearDown" is-config="true" duration-ms="266" started-at="2018-03-28T13:19:06Z" finished-at="2018-03-28T13:19:06Z">
          <reporter-output>
          </reporter-output>
        </test-method> <!-- tearDown -->
        <test-method status="PASS" signature="setUp()[pri:0, instance:com.zoho.qa.testcases.LoginPageTest@4cf777e8]" name="setUp" is-config="true" duration-ms="7278" started-at="2018-03-28T13:19:06Z" finished-at="2018-03-28T13:19:13Z">
          <reporter-output>
          </reporter-output>
        </test-method> <!-- setUp -->
        <test-method status="PASS" signature="login()[pri:6, instance:com.zoho.qa.testcases.LoginPageTest@4cf777e8]" name="login" duration-ms="255" started-at="2018-03-28T13:19:13Z" finished-at="2018-03-28T13:19:14Z">
          <reporter-output>
          </reporter-output>
        </test-method> <!-- login -->
        <test-method status="PASS" signature="tearDown()[pri:0, instance:com.zoho.qa.testcases.LoginPageTest@4cf777e8]" name="tearDown" is-config="true" duration-ms="65" started-at="2018-03-28T13:19:14Z" finished-at="2018-03-28T13:19:14Z">
          <reporter-output>
          </reporter-output>
        </test-method> <!-- tearDown -->
      </class> <!-- com.zoho.qa.testcases.LoginPageTest -->
    </test> <!-- ZOHO CRM App Test Cases -->
  </suite> <!-- ZOHO CRM Application Test Automation Test Suite -->
</testng-results>
